<?xml version="1.0" encoding="UTF-8"?>
<!-- Generated by org.testng.reporters.JUnitReportReporter -->
<testsuite skipped="0" hostname="jagadisw-5520" name="restFramework.tokenCreationTest" tests="1" failures="0" timestamp="2019-08-25T11:22:29 IST" time="1.329" errors="0">
  <testcase name="tokenCreationTestMethod" time="1.329" classname="restFramework.tokenCreationTest"/>
</testsuite> <!-- restFramework.tokenCreationTest -->
